{
  "RSpec": {
    "coverage": {
      "/home/douglas/workspace/human_resources/spec/features/cargos_spec.rb": [
        1,
        null,
        1,
        null,
        1,
        6,
        null,
        1,
        1,
        1,
        1,
        null,
        null,
        1,
        1,
        1,
        1,
        1,
        1,
        1,
        1,
        null,
        null,
        1,
        1,
        1,
        1,
        null,
        null,
        1,
        1,
        1,
        1,
        1,
        1,
        1,
        null,
        null,
        1,
        1,
        1,
        1,
        1,
        1,
        null,
        null,
        1,
        1,
        1,
        1,
        null,
        null
      ],
      "/home/douglas/workspace/human_resources/spec/rails_helper.rb": [
        1,
        1,
        1,
        1,
        1,
        1,
        1,
        null,
        1,
        null,
        1,
        null,
        1,
        null,
        1,
        null,
        null,
        1,
        1,
        1,
        1,
        1,
        1,
        1,
        null,
        null,
        null,
        1,
        1,
        1,
        null,
        null,
        2,
        18,
        1,
        18,
        18,
        null
      ],
      "/home/douglas/workspace/human_resources/config/environment.rb": [
        null,
        1,
        null,
        null,
        1
      ],
      "/home/douglas/workspace/human_resources/config/application.rb": [
        1,
        null,
        1,
        null,
        1,
        1,
        1,
        1,
        1,
        1,
        1,
        1,
        null,
        null,
        null,
        null,
        1,
        null,
        1,
        1,
        null,
        1,
        null,
        null,
        1,
        1,
        null,
        null,
        null,
        null,
        null,
        null,
        1,
        null,
        1,
        1,
        null,
        null,
        null,
        null,
        null,
        null,
        null
      ],
      "/home/douglas/workspace/human_resources/config/boot.rb": [
        1,
        null,
        1
      ],
      "/home/douglas/workspace/human_resources/config/environments/test.rb": [
        1,
        null,
        null,
        null,
        null,
        null,
        null,
        1,
        null,
        null,
        null,
        null,
        1,
        null,
        null,
        1,
        1,
        null,
        null,
        null,
        null,
        1,
        1,
        null,
        null,
        1,
        null,
        null,
        1,
        1,
        null,
        null,
        null,
        null,
        1,
        null,
        null,
        1,
        null,
        null,
        null,
        null
      ],
      "/home/douglas/workspace/human_resources/config/initializers/application_controller_renderer.rb": [
        null,
        null,
        null,
        null,
        null,
        null,
        null,
        null
      ],
      "/home/douglas/workspace/human_resources/config/initializers/assets.rb": [
        null,
        null,
        null,
        1,
        null,
        null,
        null,
        null,
        1,
        null,
        null,
        null,
        null,
        null,
        1
      ],
      "/home/douglas/workspace/human_resources/config/initializers/backtrace_silencers.rb": [
        null,
        null,
        null,
        null,
        null,
        null,
        null
      ],
      "/home/douglas/workspace/human_resources/config/initializers/cookies_serializer.rb": [
        null,
        null,
        null,
        null,
        1
      ],
      "/home/douglas/workspace/human_resources/config/initializers/filter_parameter_logging.rb": [
        null,
        null,
        null,
        1
      ],
      "/home/douglas/workspace/human_resources/config/initializers/inflections.rb": [
        null,
        null,
        null,
        null,
        null,
        null,
        null,
        null,
        null,
        null,
        null,
        null,
        null,
        null,
        null,
        null,
        1,
        1,
        null,
        1,
        1,
        1,
        1,
        1,
        1,
        1,
        1,
        1,
        1,
        1,
        1,
        1,
        1,
        null,
        null,
        null,
        null,
        null,
        1,
        1,
        1,
        1,
        1,
        1,
        1,
        1,
        1,
        1,
        1,
        1,
        1,
        1,
        1,
        1,
        null
      ],
      "/home/douglas/workspace/human_resources/config/initializers/mime_types.rb": [
        null,
        null,
        null,
        null
      ],
      "/home/douglas/workspace/human_resources/config/initializers/simple_form.rb": [
        null,
        null,
        null,
        null,
        null,
        null,
        null,
        null,
        null,
        1,
        null,
        null,
        null,
        null,
        null,
        1,
        null,
        null,
        null,
        null,
        null,
        null,
        null,
        null,
        null,
        1,
        null,
        null,
        null,
        1,
        null,
        null,
        null,
        null,
        null,
        null,
        null,
        null,
        null,
        1,
        null,
        null,
        1,
        null,
        null,
        1,
        null,
        null,
        1,
        null,
        null,
        1,
        null,
        null,
        null,
        1,
        1,
        1,
        null,
        null,
        null,
        null,
        null,
        null,
        null,
        null,
        null,
        1,
        null,
        null,
        null,
        null,
        null,
        1,
        null,
        null,
        1,
        null,
        null,
        null,
        null,
        null,
        null,
        null,
        1,
        null,
        null,
        1,
        null,
        null,
        null,
        null,
        null,
        null,
        null,
        null,
        null,
        null,
        null,
        null,
        null,
        null,
        null,
        null,
        null,
        null,
        null,
        null,
        null,
        null,
        null,
        null,
        null,
        null,
        null,
        null,
        null,
        null,
        null,
        null,
        null,
        null,
        null,
        null,
        null,
        null,
        null,
        null,
        null,
        null,
        null,
        null,
        1,
        null,
        null,
        null,
        null,
        null,
        null,
        null,
        null,
        null,
        null,
        null,
        null,
        null,
        null,
        null,
        null,
        null,
        null,
        null,
        null,
        null,
        null,
        null,
        null,
        null,
        null,
        null,
        null,
        null,
        null,
        null,
        null,
        null,
        null,
        null,
        null,
        1,
        null,
        null,
        null,
        null,
        null,
        null,
        null,
        null,
        null,
        null,
        null,
        null
      ],
      "/home/douglas/workspace/human_resources/config/initializers/simple_form_bootstrap.rb": [

      ],
      "/home/douglas/workspace/human_resources/config/initializers/wrap_parameters.rb": [
        null,
        null,
        null,
        null,
        null,
        null,
        1,
        2,
        null,
        null,
        null,
        null,
        null,
        null
      ],
      "/home/douglas/workspace/human_resources/spec/factories/cargos.rb": [
        1,
        1,
        21,
        1,
        null,
        null
      ],
      "/home/douglas/workspace/human_resources/spec/factories/colaboradores.rb": [
        1,
        1,
        8,
        8,
        8,
        8,
        1,
        8,
        8,
        8,
        8,
        8,
        8,
        8,
        8,
        8,
        8,
        8,
        8,
        1,
        null,
        null
      ],
      "/home/douglas/workspace/human_resources/config/routes.rb": [
        1,
        1,
        1,
        1,
        null
      ],
      "/home/douglas/workspace/human_resources/app/helpers/application_helper.rb": [
        1,
        null
      ],
      "/home/douglas/workspace/human_resources/app/helpers/cargos_helper.rb": [
        1,
        null
      ],
      "/home/douglas/workspace/human_resources/app/helpers/colaboradores_helper.rb": [
        1,
        null
      ],
      "/home/douglas/workspace/human_resources/app/helpers/welcome_helper.rb": [
        1,
        null
      ],
      "/home/douglas/workspace/human_resources/spec/features/colaboradores_spec.rb": [
        1,
        null,
        1,
        null,
        1,
        6,
        6,
        null,
        null,
        1,
        1,
        1,
        1,
        null,
        null,
        1,
        1,
        1,
        1,
        1,
        1,
        1,
        1,
        1,
        1,
        1,
        1,
        1,
        1,
        1,
        1,
        1,
        1,
        1,
        null,
        1,
        null,
        1,
        1,
        1,
        null,
        null,
        1,
        1,
        1,
        1,
        null,
        null,
        1,
        1,
        1,
        1,
        1,
        1,
        1,
        null,
        1,
        1,
        null,
        null,
        1,
        1,
        1,
        1,
        1,
        null,
        1,
        null,
        null,
        1,
        1,
        null,
        1,
        null,
        1,
        null,
        null
      ],
      "/home/douglas/workspace/human_resources/spec/features/welcomes_spec.rb": [
        1,
        null,
        1,
        1,
        1,
        1,
        null,
        null,
        1,
        1,
        1,
        null,
        null,
        1,
        1,
        1,
        null,
        null
      ],
      "/home/douglas/workspace/human_resources/spec/support/factories_spec.rb": [
        1,
        1,
        1,
        2,
        null,
        2,
        2,
        2,
        2,
        null,
        null,
        null,
        null,
        null
      ],
      "/home/douglas/workspace/human_resources/app/controllers/welcome_controller.rb": [
        1,
        1,
        null
      ],
      "/home/douglas/workspace/human_resources/app/controllers/application_controller.rb": [
        1,
        null,
        1,
        1,
        1,
        1,
        null
      ],
      "/home/douglas/workspace/human_resources/lib/application_responder.rb": [
        1,
        1,
        1,
        null,
        null,
        null,
        null,
        null
      ],
      "/home/douglas/workspace/human_resources/app/models/colaborador.rb": [
        1,
        1,
        1,
        null,
        1,
        1,
        1,
        null,
        1,
        1,
        null,
        null,
        1,
        1,
        1,
        1,
        null
      ],
      "/home/douglas/workspace/human_resources/app/models/application_record.rb": [
        1,
        1,
        null
      ],
      "/home/douglas/workspace/human_resources/app/models/cargo.rb": [
        1,
        1,
        null,
        1,
        null
      ],
      "/home/douglas/workspace/human_resources/app/controllers/colaboradores_controller.rb": [
        1,
        1,
        1,
        3,
        null,
        null,
        1,
        null,
        1,
        3,
        null,
        null,
        1,
        null,
        1,
        2,
        2,
        1,
        null,
        1,
        null,
        null,
        null,
        1,
        2,
        2,
        1,
        null,
        1,
        null,
        null,
        null,
        1,
        1,
        1,
        null,
        null,
        1,
        null,
        1,
        7,
        null,
        null,
        1,
        4,
        null,
        null,
        null,
        null,
        null,
        null
      ],
      "/home/douglas/workspace/human_resources/app/controllers/cargos_controller.rb": [
        1,
        1,
        null,
        1,
        3,
        null,
        null,
        1,
        null,
        1,
        3,
        null,
        null,
        1,
        null,
        1,
        2,
        2,
        1,
        null,
        1,
        null,
        null,
        null,
        1,
        2,
        2,
        1,
        null,
        1,
        null,
        null,
        null,
        1,
        1,
        1,
        null,
        null,
        1,
        null,
        1,
        7,
        null,
        null,
        1,
        4,
        null,
        null
      ]
    },
    "timestamp": 1532291107
  }
}
